0.4995922445062489
0.7401458320838551
0.637364818395799
1.0057585016741108
0.13604835503979068
0.8186026299622529
0.48478606001084806
0.9634000596648682
0.8737782404163976
0.9782273542871112
0.7727473583438473
1.1487498657531061
0.11048924379060913
0.12359341517456639
0.1740528896855909
0.16636710771809288
1.0328250542300283
0.8998535671308034
0.22370834193627248
0.6671897225750465
1.1000722475488338
-0.055712457899692105
0.05525276617872192
0.13120218435082537
0.004749258891370053
7.066474417211505E-4
0.2874471119314271
0.02810411452585608
0.7491894903645284
0.09451286979694844
0.7572488281481178
0.6810445759978623
-0.05642919574944573
1.086542307371415
1.0416575552717857
0.9601450435699732
1.0243005578158004
0.2824245488746367
0.10428225736508283
0.16694974716775907
0.7652180680034508
0.09693261957047543
0.046134413512964254
0.537176921893089
0.3821739523426762
0.09998734715752637
0.2475242435722929
0.15124851196447914
0.6507575946649942
1.000548758185118
0.6686734449475829
-0.14558855276414534
-1.4988791716792627E-4
-0.09404883983207836
-0.123331315361862
-0.17277333449909932
0.4605507175293085
0.1236303626440806
0.2998032774048776
0.8413337874557001
0.5738771974972443
0.8405433416062886
0.04565154186322899
-0.08790086030753887
0.3794176209421721
0.7656812408473783
0.28375023189221654
-0.005915363113165276
-0.07107282634360242
0.0911179122353079
0.97192288045779
0.12945667809218092
0.19184870953566296
0.13624302606538935
0.10007107473812708
1.099533850970193
0.34008981331267
-0.053476559216534145
-0.05858048935083983
-0.10930891159646412
0.9679837440709933
0.9224388220695423
1.1134820751185304
0.10047673791214078
0.6368419681316939
0.0405383620601603
0.0785334139693417
0.8705950324594156
-0.09929802446189868
1.0041981437832637
0.10231383471094628
0.17614683494488698
1.0997297699735862
0.46374126141491306
0.7593598107804498
0.3794913496976227
0.24193945772789155
0.7181025245627071
0.6979735285535957
-0.14813529427006855
-0.14737901777556423
0.21810672391617164
0.09181424316704638
0.9957050482035683
0.8964496669738518
0.8093558961667089
0.1518971660076192
0.8676887226644012
0.8995245115650445
-0.05358567455608938
0.39745999608166566
-0.010018972002260498
0.2256393109769151
-0.07514741785092648
-0.016223090367656637
-0.08014036095093376
0.8724177837393077
1.0046243724129478
0.09853838250271356
1.0244994226690802
0.8090935044375613
0.5067102658865501
1.099171284944482
0.12585836076539741
0.07801073628259218
0.012590768051953735
1.093188988479496
-0.016023666078255297
-0.06491643805722609
0.8127498560309747
0.14579420347858424
0.3371633559026446
0.12686824217963283
0.47330938092901503
0.7819166429958764
0.08928866867386635
0.007782930412731079
0.25828883919835427
-0.2808852619729498
0.8939391453873813
0.6899853204058424
0.220564887359688
0.6506320020015912
0.24736186690973444
0.6721190068945209
1.1017364085733075
0.14692598926304506
1.0484664516896074
0.8036867754082953
0.10469794410062998
0.005482711870073362
-0.03719341401880112
0.048568079796728544
0.23631919300520737
0.05506056367882399
-0.15615858375300878
1.1002491931424894
0.04988387024883138
0.7185784798016321
0.7762969185609028
0.6953865721929666
0.20150535044281442
0.03131861103501547
1.1061276986732356
0.7829980946104862
0.29171698079173375
0.15665649858455294
0.03453894409107243
0.21170832727255912
-0.01622481902643487
0.1042701775636266
0.9253037640002946
0.419629010877598
0.1922540110557654
0.036673274162769595
0.25241082449884594
1.1334051368061178
0.16123326284189915
0.7094315081308995
0.07862015737866694
0.43844924399767043
0.9561751468755206
0.8584523029153113
0.18589025052106273
0.12237326218090598
0.03851626210408747
0.790414088981239
0.7506158409335901
0.18607404040104575
1.007894051978718
0.15388647426174368
1.004827606329231
0.6474727227345971
0.9752850316824251
-0.011908675687747075
-0.037523078699425796
0.21627224493435732
-0.04255462257917071
0.01835498890359237
0.44684946086352545
0.7074059069292522
0.9002861995663283
1.0273789968492024
0.8534934789980402
0.9995127764664371
0.5468289834415185
-0.015298775033182402
0.8353893124732372
0.9010981373576348
-0.031436912807835074
0.7573620971665196
0.05696957136753604
-0.10326701123455258
1.1169070230285376
-0.047148638796862
-0.10458869502145181
0.07465153625712322
0.8362274081416894
0.7771809198477753
-0.04803739175446416
0.9693052997653999
1.000805693225955
0.03721317274632789
1.0558476038614524
-0.03393741216508735
0.3950392753652418
0.7908640615476313
0.8998539156786007
-0.054253763291372395
0.3358277242749546
0.9306251848958973
0.8021735550698477
0.1631359387348193
0.8897770535779981
0.8201287520362195
0.999333646036614
0.18587178256107878
1.0599079435742453
0.18870875372556611
-0.09979175348211207
0.9004550653558074
0.10896981751331518
0.16474457808250792
0.20344279783316305
0.09970266213277283
0.9126216432717067
0.5446971480812439
0.041396435737149725
0.20130563641128824
1.0896737013303053
0.8898731523190873
-0.01666867747246399
0.23930958460084778
0.11439348274916243
0.02382042703567859
-0.06127446564416934
0.16369522853367885
0.9525693209292774
0.14737315988315342
0.12309142767245
-0.01191309075281348
1.0826392198467283
0.055415602928695226
-0.08891635105454006
0.5034176671446133
0.6300222295875582
0.5869644469786202
-0.0025662756830783923
0.4868882368357031
0.5896792766904255
